<?xml version="1.0" encoding="UTF-8"?>
<testsuite xmlns:xsi="http://www.w3.org/2001/XMLSchema-instance" xsi:noNamespaceSchemaLocation="https://maven.apache.org/surefire/maven-surefire-plugin/xsd/surefire-test-report.xsd" version="3.0.2" name="com.groupeisi.ecommerce.StockMsApplicationTests" time="28.976" tests="1" errors="0" skipped="0" failures="0">
  <properties>
[...]
</properties>
  <testcase name="contextLoads" classname="com.groupeisi.ecommerce.StockMsApplicationTests" time="0.057">
    <system-out><![CDATA[19:49:38.455 [main] INFO org.springframework.test.context.support.AnnotationConfigContextLoaderUtils -- Could not detect default configuration classes for test class [com.groupeisi.ecommerce.StockMsApplicationTests]: StockMsApplicationTests does not declare any static, non-private, non-final, nested classes annotated with @Configuration.
19:49:39.074 [main] INFO org.springframework.boot.test.context.SpringBootTestContextBootstrapper -- Found @SpringBootConfiguration com.groupeisi.ecommerce.StockMsApplication for test class com.groupeisi.ecommerce.StockMsApplicationTests
19:49:39.768 [main] INFO org.springframework.boot.devtools.restart.RestartApplicationListener -- Restart disabled due to context in which it is running

  .   ____          _            __ _ _
 /\\ / ___'_ __ _ _(_)_ __  __ _ \ \ \ \
( ( )\___ | '_ | '_| | '_ \/ _` | \ \ \ \
 \\/  ___)| |_)| | | | | || (_| |  ) ) ) )
  '  |____| .__|_| |_|_| |_\__, | / / / /
 =========|_|==============|___/=/_/_/_/

 :: Spring Boot ::                (v3.4.0)

2025-02-05T19:49:41.007Z  INFO 25760 --- [stock-ms] [           main] c.g.ecommerce.StockMsApplicationTests    : Starting StockMsApplicationTests using Java 17.0.12 with PID 25760 (started by LENOVO in D:\MASTER_II_GL\DEV_OPS\k8s_tp)
2025-02-05T19:49:41.011Z  INFO 25760 --- [stock-ms] [           main] c.g.ecommerce.StockMsApplicationTests    : No active profile set, falling back to 1 default profile: "default"
2025-02-05T19:49:45.272Z  INFO 25760 --- [stock-ms] [           main] .s.d.r.c.RepositoryConfigurationDelegate : Bootstrapping Spring Data JPA repositories in DEFAULT mode.
2025-02-05T19:49:45.570Z  INFO 25760 --- [stock-ms] [           main] .s.d.r.c.RepositoryConfigurationDelegate : Finished Spring Data repository scanning in 250 ms. Found 1 JPA repository interface.
2025-02-05T19:49:49.248Z  INFO 25760 --- [stock-ms] [           main] o.hibernate.jpa.internal.util.LogHelper  : HHH000204: Processing PersistenceUnitInfo [name: default]
2025-02-05T19:49:49.821Z  INFO 25760 --- [stock-ms] [           main] org.hibernate.Version                    : HHH000412: Hibernate ORM core version 6.6.2.Final
2025-02-05T19:49:50.057Z  INFO 25760 --- [stock-ms] [           main] o.h.c.internal.RegionFactoryInitiator    : HHH000026: Second-level cache disabled
2025-02-05T19:49:50.790Z  INFO 25760 --- [stock-ms] [           main] o.s.o.j.p.SpringPersistenceUnitInfo      : No LoadTimeWeaver setup: ignoring JPA class transformer
2025-02-05T19:49:50.934Z  INFO 25760 --- [stock-ms] [           main] com.zaxxer.hikari.HikariDataSource       : HikariPool-1 - Starting...
2025-02-05T19:49:51.963Z  INFO 25760 --- [stock-ms] [           main] com.zaxxer.hikari.pool.HikariPool        : HikariPool-1 - Added connection conn0: url=jdbc:h2:mem:stock-db user=USER
2025-02-05T19:49:51.970Z  INFO 25760 --- [stock-ms] [           main] com.zaxxer.hikari.HikariDataSource       : HikariPool-1 - Start completed.
2025-02-05T19:49:52.089Z  WARN 25760 --- [stock-ms] [           main] org.hibernate.orm.deprecation            : HHH90000025: H2Dialect does not need to be specified explicitly using 'hibernate.dialect' (remove the property setting and it will be selected by default)
2025-02-05T19:49:52.212Z  INFO 25760 --- [stock-ms] [           main] org.hibernate.orm.connections.pooling    : HHH10001005: Database info:
	Database JDBC URL [Connecting through datasource 'HikariDataSource (HikariPool-1)']
	Database driver: undefined/unknown
	Database version: 2.3.232
	Autocommit mode: undefined/unknown
	Isolation level: undefined/unknown
	Minimum pool size: undefined/unknown
	Maximum pool size: undefined/unknown
2025-02-05T19:49:54.856Z  INFO 25760 --- [stock-ms] [           main] o.h.e.t.j.p.i.JtaPlatformInitiator       : HHH000489: No JTA platform available (set 'hibernate.transaction.jta.platform' to enable JTA platform integration)
2025-02-05T19:49:55.085Z DEBUG 25760 --- [stock-ms] [           main] org.hibernate.SQL                        : 
    create table products (
        ref varchar(255) not null,
        id_user bigint not null,
        name varchar(255) not null,
        stock float(53) not null,
        primary key (ref)
    )
Hibernate: 
    create table products (
        ref varchar(255) not null,
        id_user bigint not null,
        name varchar(255) not null,
        stock float(53) not null,
        primary key (ref)
    )
2025-02-05T19:49:55.118Z  INFO 25760 --- [stock-ms] [           main] j.LocalContainerEntityManagerFactoryBean : Initialized JPA EntityManagerFactory for persistence unit 'default'
2025-02-05T19:50:00.020Z  WARN 25760 --- [stock-ms] [           main] JpaBaseConfiguration$JpaWebConfiguration : spring.jpa.open-in-view is enabled by default. Therefore, database queries may be performed during view rendering. Explicitly configure spring.jpa.open-in-view to disable this warning
2025-02-05T19:50:05.245Z  INFO 25760 --- [stock-ms] [           main] o.s.b.a.h2.H2ConsoleAutoConfiguration    : H2 console available at '/h2-console'. Database available at 'jdbc:h2:mem:stock-db'
2025-02-05T19:50:05.563Z  INFO 25760 --- [stock-ms] [           main] o.s.b.a.e.web.EndpointLinksResolver      : Exposing 1 endpoint beneath base path '/actuator'
2025-02-05T19:50:06.281Z  INFO 25760 --- [stock-ms] [           main] c.g.ecommerce.StockMsApplicationTests    : Started StockMsApplicationTests in 26.554 seconds (process running for 36.486)
]]></system-out>
  </testcase>
</testsuite>